Connecting to database specified by database.yml
  [1m[36m (51.9ms)[0m  [1mselect sqlite_version(*)[0m
  [1m[35m (44.5ms)[0m  CREATE TABLE "schema_migrations" ("version" varchar(255) NOT NULL) 
  [1m[36m (22.0ms)[0m  [1mCREATE UNIQUE INDEX "unique_schema_migrations" ON "schema_migrations" ("version")[0m
  [1m[35m (0.4ms)[0m  SELECT "schema_migrations"."version" FROM "schema_migrations" 
Migrating to CreateMovies (20111119180638)
  [1m[36m (0.2ms)[0m  [1mbegin transaction[0m
  [1m[35m (1.0ms)[0m  CREATE TABLE "movies" ("id" INTEGER PRIMARY KEY AUTOINCREMENT NOT NULL, "title" varchar(255), "rating" varchar(255), "description" text, "release_date" datetime, "created_at" datetime NOT NULL, "updated_at" datetime NOT NULL) 
  [1m[36m (0.3ms)[0m  [1mINSERT INTO "schema_migrations" ("version") VALUES ('20111119180638')[0m
  [1m[35m (95.7ms)[0m  commit transaction
  [1m[36m (0.3ms)[0m  [1mSELECT "schema_migrations"."version" FROM "schema_migrations" [0m
Connecting to database specified by database.yml
  [1m[36m (0.4ms)[0m  [1mSELECT "schema_migrations"."version" FROM "schema_migrations" [0m
  [1m[35m (0.2ms)[0m  begin transaction
  [1m[36mSQL (21.3ms)[0m  [1mINSERT INTO "movies" ("created_at", "description", "rating", "release_date", "title", "updated_at") VALUES (?, ?, ?, ?, ?, ?)[0m  [["created_at", Fri, 01 Apr 2016 04:55:50 UTC +00:00], ["description", nil], ["rating", "G"], ["release_date", Wed, 25 Nov 1992 00:00:00 UTC +00:00], ["title", "Aladdin"], ["updated_at", Fri, 01 Apr 2016 04:55:50 UTC +00:00]]
  [1m[35m (49.0ms)[0m  commit transaction
  [1m[36m (0.2ms)[0m  [1mbegin transaction[0m
  [1m[35mSQL (1.1ms)[0m  INSERT INTO "movies" ("created_at", "description", "rating", "release_date", "title", "updated_at") VALUES (?, ?, ?, ?, ?, ?)  [["created_at", Fri, 01 Apr 2016 04:55:50 UTC +00:00], ["description", nil], ["rating", "R"], ["release_date", Fri, 26 Oct 1984 00:00:00 UTC +00:00], ["title", "The Terminator"], ["updated_at", Fri, 01 Apr 2016 04:55:50 UTC +00:00]]
  [1m[36m (27.7ms)[0m  [1mcommit transaction[0m
  [1m[35m (0.1ms)[0m  begin transaction
  [1m[36mSQL (0.9ms)[0m  [1mINSERT INTO "movies" ("created_at", "description", "rating", "release_date", "title", "updated_at") VALUES (?, ?, ?, ?, ?, ?)[0m  [["created_at", Fri, 01 Apr 2016 04:55:50 UTC +00:00], ["description", nil], ["rating", "R"], ["release_date", Fri, 21 Jul 1989 00:00:00 UTC +00:00], ["title", "When Harry Met Sally"], ["updated_at", Fri, 01 Apr 2016 04:55:50 UTC +00:00]]
  [1m[35m (35.4ms)[0m  commit transaction
  [1m[36m (0.1ms)[0m  [1mbegin transaction[0m
  [1m[35mSQL (0.8ms)[0m  INSERT INTO "movies" ("created_at", "description", "rating", "release_date", "title", "updated_at") VALUES (?, ?, ?, ?, ?, ?)  [["created_at", Fri, 01 Apr 2016 04:55:50 UTC +00:00], ["description", nil], ["rating", "PG-13"], ["release_date", Wed, 10 Aug 2011 00:00:00 UTC +00:00], ["title", "The Help"], ["updated_at", Fri, 01 Apr 2016 04:55:50 UTC +00:00]]
  [1m[36m (39.0ms)[0m  [1mcommit transaction[0m
  [1m[35m (0.1ms)[0m  begin transaction
  [1m[36mSQL (0.7ms)[0m  [1mINSERT INTO "movies" ("created_at", "description", "rating", "release_date", "title", "updated_at") VALUES (?, ?, ?, ?, ?, ?)[0m  [["created_at", Fri, 01 Apr 2016 04:55:50 UTC +00:00], ["description", nil], ["rating", "PG-13"], ["release_date", Fri, 05 Jan 2001 00:00:00 UTC +00:00], ["title", "Chocolat"], ["updated_at", Fri, 01 Apr 2016 04:55:50 UTC +00:00]]
  [1m[35m (30.2ms)[0m  commit transaction
  [1m[36m (0.1ms)[0m  [1mbegin transaction[0m
  [1m[35mSQL (5.3ms)[0m  INSERT INTO "movies" ("created_at", "description", "rating", "release_date", "title", "updated_at") VALUES (?, ?, ?, ?, ?, ?)  [["created_at", Fri, 01 Apr 2016 04:55:50 UTC +00:00], ["description", nil], ["rating", "R"], ["release_date", Wed, 25 Apr 2001 00:00:00 UTC +00:00], ["title", "Amelie"], ["updated_at", Fri, 01 Apr 2016 04:55:50 UTC +00:00]]
  [1m[36m (33.1ms)[0m  [1mcommit transaction[0m
  [1m[35m (0.1ms)[0m  begin transaction
  [1m[36mSQL (0.7ms)[0m  [1mINSERT INTO "movies" ("created_at", "description", "rating", "release_date", "title", "updated_at") VALUES (?, ?, ?, ?, ?, ?)[0m  [["created_at", Fri, 01 Apr 2016 04:55:50 UTC +00:00], ["description", nil], ["rating", "G"], ["release_date", Sat, 06 Apr 1968 00:00:00 UTC +00:00], ["title", "2001: A Space Odyssey"], ["updated_at", Fri, 01 Apr 2016 04:55:50 UTC +00:00]]
  [1m[35m (31.4ms)[0m  commit transaction
  [1m[36m (0.1ms)[0m  [1mbegin transaction[0m
  [1m[35mSQL (6.1ms)[0m  INSERT INTO "movies" ("created_at", "description", "rating", "release_date", "title", "updated_at") VALUES (?, ?, ?, ?, ?, ?)  [["created_at", Fri, 01 Apr 2016 04:55:50 UTC +00:00], ["description", nil], ["rating", "PG"], ["release_date", Fri, 05 Nov 2004 00:00:00 UTC +00:00], ["title", "The Incredibles"], ["updated_at", Fri, 01 Apr 2016 04:55:50 UTC +00:00]]
  [1m[36m (29.6ms)[0m  [1mcommit transaction[0m
  [1m[35m (0.1ms)[0m  begin transaction
  [1m[36mSQL (0.7ms)[0m  [1mINSERT INTO "movies" ("created_at", "description", "rating", "release_date", "title", "updated_at") VALUES (?, ?, ?, ?, ?, ?)[0m  [["created_at", Fri, 01 Apr 2016 04:55:50 UTC +00:00], ["description", nil], ["rating", "PG"], ["release_date", Fri, 12 Jun 1981 00:00:00 UTC +00:00], ["title", "Raiders of the Lost Ark"], ["updated_at", Fri, 01 Apr 2016 04:55:50 UTC +00:00]]
  [1m[35m (33.9ms)[0m  commit transaction
  [1m[36m (0.1ms)[0m  [1mbegin transaction[0m
  [1m[35mSQL (0.8ms)[0m  INSERT INTO "movies" ("created_at", "description", "rating", "release_date", "title", "updated_at") VALUES (?, ?, ?, ?, ?, ?)  [["created_at", Fri, 01 Apr 2016 04:55:50 UTC +00:00], ["description", nil], ["rating", "G"], ["release_date", Wed, 21 Jun 2000 00:00:00 UTC +00:00], ["title", "Chicken Run"], ["updated_at", Fri, 01 Apr 2016 04:55:50 UTC +00:00]]
  [1m[36m (34.4ms)[0m  [1mcommit transaction[0m


Started GET "/movies" for 127.0.0.1 at 2016-04-01 11:15:22 -0400
Connecting to database specified by database.yml
Processing by MoviesController#index as HTML
  [1m[36mMovie Load (0.4ms)[0m  [1mSELECT "movies".* FROM "movies" [0m
  Rendered movies/index.html.haml within layouts/application (54.7ms)
Compiled application.css  (1ms)  (pid 7034)
Compiled jquery.js  (8ms)  (pid 7034)
Compiled jquery_ujs.js  (25ms)  (pid 7034)
Compiled application.js  (181ms)  (pid 7034)
Completed 200 OK in 1130.3ms (Views: 640.4ms | ActiveRecord: 13.0ms)


Started GET "/assets/application.css?body=1" for 127.0.0.1 at 2016-04-01 11:15:28 -0400
Served asset /application.css - 200 OK (42ms)


Started GET "/assets/jquery_ujs.js?body=1" for 127.0.0.1 at 2016-04-01 11:15:28 -0400
Served asset /jquery_ujs.js - 200 OK (19ms)


Started GET "/assets/jquery.js?body=1" for 127.0.0.1 at 2016-04-01 11:15:28 -0400
Served asset /jquery.js - 200 OK (20ms)


Started GET "/assets/application.js?body=1" for 127.0.0.1 at 2016-04-01 11:15:28 -0400
Served asset /application.js - 200 OK (44ms)


Started GET "/movies" for 127.0.0.1 at 2016-04-01 12:17:41 -0400
Connecting to database specified by database.yml
Processing by MoviesController#index as HTML
  [1m[36mMovie Load (0.5ms)[0m  [1mSELECT "movies".* FROM "movies" [0m
  Rendered movies/index.html.haml within layouts/application (40.8ms)
Completed 200 OK in 469.4ms (Views: 198.4ms | ActiveRecord: 13.5ms)


Started GET "/assets/application.css?body=1" for 127.0.0.1 at 2016-04-01 12:17:43 -0400
Served asset /application.css - 304 Not Modified (10ms)


Started GET "/assets/application.js?body=1" for 127.0.0.1 at 2016-04-01 12:17:43 -0400
Served asset /application.js - 304 Not Modified (130ms)


Started GET "/assets/jquery_ujs.js?body=1" for 127.0.0.1 at 2016-04-01 12:17:43 -0400
Served asset /jquery_ujs.js - 304 Not Modified (51ms)


Started GET "/assets/jquery.js?body=1" for 127.0.0.1 at 2016-04-01 12:17:43 -0400
Served asset /jquery.js - 304 Not Modified (21ms)


Started GET "/movies" for 127.0.0.1 at 2016-04-03 06:03:23 -0400
Connecting to database specified by database.yml
Processing by MoviesController#index as HTML
  [1m[36mMovie Load (0.7ms)[0m  [1mSELECT "movies".* FROM "movies" [0m
ERROR: compiling _app_views_movies_index_html_haml___176290418__623660138 RAISED /home/henok/Documents/SWE/rails-intro/app/views/movies/index.html.haml:10: unknown regexp options - thad
/home/henok/Documents/SWE/rails-intro/app/views/movies/index.html.haml:10: syntax error, unexpected $undefined
...fo</th>\n    </tr>\n  </thead>\n  <tbody>\n", -1, false);
...                               ^
/home/henok/Documents/SWE/rails-intro/app/views/movies/index.html.haml:10: syntax error, unexpected $undefined
...  </tr>\n  </thead>\n  <tbody>\n", -1, false);
...                               ^
/home/henok/Documents/SWE/rails-intro/app/views/movies/index.html.haml:13: syntax error, unexpected $undefined
_hamlout.push_text("    <tr>\n      <td>#{_hamlout.adjust_tabs(2); 
                             ^
/home/henok/Documents/SWE/rails-intro/app/views/movies/index.html.haml:21: syntax error, unexpected keyword_ensure, expecting $end
Function body:           def _app_views_movies_index_html_haml___176290418__623660138(local_assigns, output_buffer)
            _old_virtual_path, @virtual_path = @virtual_path, "movies/index";_old_output_buffer = @output_buffer;;begin;extend Haml::Helpers;_hamlout = @haml_buffer = Haml::Buffer.new(haml_buffer, {:autoclose=>["area", "base", "basefont", "br", "col", "command", "embed", "frame", "hr", "img", "input", "isindex", "keygen", "link", "menuitem", "meta", "param", "source", "track", "wbr"], :preserve=>["textarea", "pre", "code"], :attr_wrapper=>"'", :ugly=>false, :format=>:html5, :encoding=>"UTF-8", :escape_html=>true, :escape_attrs=>true, :hyphenate_data_attrs=>true, :cdata=>false});_erbout = _hamlout.buffer;@output_buffer = output_buffer ||= ActionView::OutputBuffer.new rescue nil;;_hamlout.push_text("<h1>All Movies</h1>\n<table id='movies'>\n  <thead>\n    <tr>\n      <th#{_hamlout.adjust_tabs(3); 





_hamlout.attributes({}, nil, :class => ("hilite" if params[:sort] == "title"))}>#{_hamlout.adjust_tabs(1); _hamlout.format_script_false_true_false_true_false_true_false((link_to "Movie Title", {:controller => "movies", :sort => "title", :filter => @filtered_ratings.to_s}, :id => "title_header"
));}</th>\n      <th>Rating</th>\n      <th#{
_hamlout.attributes({}, nil, :c;ass => ("hilite" if params[:sort] == "release_date"))}>#{_hamlout.adjust_tabs(1); _hamlout.format_script_false_true_false_true_false_true_false((link_to "Release Date", {:controller => "movies", :sort => "release_date", :filter => @filtered_ratings.to_s}
));}</th>\n      <th>More Info</th>\n    </tr>\n  </thead>\n  <tbody>\n", -1, false);

 @movies.each do |movie|
_hamlout.push_text("    <tr>\n      <td>#{_hamlout.adjust_tabs(2); 
_hamlout.format_script_false_true_false_true_false_true_false((movie.title
));}</td>\n      <td>#{_hamlout.adjust_tabs(1); _hamlout.format_script_false_true_false_true_false_true_false((movie.rating
));}</td>\n      <td>#{_hamlout.adjust_tabs(1); _hamlout.format_script_false_true_false_true_false_true_false((movie.release_date
));}</td>\n      <td>#{_hamlout.adjust_tabs(1); _hamlout.format_script_false_true_false_true_false_true_false((link_to "More about #{movie.title}", movie_path(movie)
));}</td>\n    </tr>\n", -1, false);end;_hamlout.push_text("  </tbody>\n</table>\n#{_hamlout.adjust_tabs(-2); 
_hamlout.format_script_false_false_false_true_false_true_false(( link_to 'Add new movie', new_movie_path
));}\n", 0, false);::Haml::Util.html_safe(_erbout);ensure;@haml_buffer = @haml_buffer.upper if @haml_buffer;end;
          ensure
            @virtual_path, @output_buffer = _old_virtual_path, _old_output_buffer
          end

Backtrace: /home/henok/.rbenv/versions/1.9.3-p551/lib/ruby/gems/1.9.1/gems/actionpack-3.2.18/lib/action_view/template.rb:297:in `module_eval'
/home/henok/.rbenv/versions/1.9.3-p551/lib/ruby/gems/1.9.1/gems/actionpack-3.2.18/lib/action_view/template.rb:297:in `compile'
/home/henok/.rbenv/versions/1.9.3-p551/lib/ruby/gems/1.9.1/gems/actionpack-3.2.18/lib/action_view/template.rb:244:in `block in compile!'
<internal:prelude>:10:in `synchronize'
/home/henok/.rbenv/versions/1.9.3-p551/lib/ruby/gems/1.9.1/gems/actionpack-3.2.18/lib/action_view/template.rb:232:in `compile!'
/home/henok/.rbenv/versions/1.9.3-p551/lib/ruby/gems/1.9.1/gems/actionpack-3.2.18/lib/action_view/template.rb:144:in `block in render'
/home/henok/.rbenv/versions/1.9.3-p551/lib/ruby/gems/1.9.1/gems/activesupport-3.2.18/lib/active_support/notifications.rb:125:in `instrument'
/home/henok/.rbenv/versions/1.9.3-p551/lib/ruby/gems/1.9.1/gems/actionpack-3.2.18/lib/action_view/template.rb:143:in `render'
/home/henok/.rbenv/versions/1.9.3-p551/lib/ruby/gems/1.9.1/gems/actionpack-3.2.18/lib/action_view/renderer/template_renderer.rb:47:in `block (2 levels) in render_template'
/home/henok/.rbenv/versions/1.9.3-p551/lib/ruby/gems/1.9.1/gems/actionpack-3.2.18/lib/action_view/renderer/abstract_renderer.rb:38:in `block in instrument'
/home/henok/.rbenv/versions/1.9.3-p551/lib/ruby/gems/1.9.1/gems/activesupport-3.2.18/lib/active_support/notifications.rb:123:in `block in instrument'
/home/henok/.rbenv/versions/1.9.3-p551/lib/ruby/gems/1.9.1/gems/activesupport-3.2.18/lib/active_support/notifications/instrumenter.rb:20:in `instrument'
/home/henok/.rbenv/versions/1.9.3-p551/lib/ruby/gems/1.9.1/gems/activesupport-3.2.18/lib/active_support/notifications.rb:123:in `instrument'
/home/henok/.rbenv/versions/1.9.3-p551/lib/ruby/gems/1.9.1/gems/actionpack-3.2.18/lib/action_view/renderer/abstract_renderer.rb:38:in `instrument'
/home/henok/.rbenv/versions/1.9.3-p551/lib/ruby/gems/1.9.1/gems/actionpack-3.2.18/lib/action_view/renderer/template_renderer.rb:46:in `block in render_template'
/home/henok/.rbenv/versions/1.9.3-p551/lib/ruby/gems/1.9.1/gems/actionpack-3.2.18/lib/action_view/renderer/template_renderer.rb:54:in `render_with_layout'
/home/henok/.rbenv/versions/1.9.3-p551/lib/ruby/gems/1.9.1/gems/actionpack-3.2.18/lib/action_view/renderer/template_renderer.rb:45:in `render_template'
/home/henok/.rbenv/versions/1.9.3-p551/lib/ruby/gems/1.9.1/gems/actionpack-3.2.18/lib/action_view/renderer/template_renderer.rb:18:in `render'
/home/henok/.rbenv/versions/1.9.3-p551/lib/ruby/gems/1.9.1/gems/actionpack-3.2.18/lib/action_view/renderer/renderer.rb:36:in `render_template'
/home/henok/.rbenv/versions/1.9.3-p551/lib/ruby/gems/1.9.1/gems/actionpack-3.2.18/lib/action_view/renderer/renderer.rb:17:in `render'
/home/henok/.rbenv/versions/1.9.3-p551/lib/ruby/gems/1.9.1/gems/actionpack-3.2.18/lib/abstract_controller/rendering.rb:110:in `_render_template'
/home/henok/.rbenv/versions/1.9.3-p551/lib/ruby/gems/1.9.1/gems/actionpack-3.2.18/lib/action_controller/metal/streaming.rb:225:in `_render_template'
/home/henok/.rbenv/versions/1.9.3-p551/lib/ruby/gems/1.9.1/gems/actionpack-3.2.18/lib/abstract_controller/rendering.rb:103:in `render_to_body'
/home/henok/.rbenv/versions/1.9.3-p551/lib/ruby/gems/1.9.1/gems/actionpack-3.2.18/lib/action_controller/metal/renderers.rb:28:in `render_to_body'
/home/henok/.rbenv/versions/1.9.3-p551/lib/ruby/gems/1.9.1/gems/actionpack-3.2.18/lib/action_controller/metal/compatibility.rb:50:in `render_to_body'
/home/henok/.rbenv/versions/1.9.3-p551/lib/ruby/gems/1.9.1/gems/actionpack-3.2.18/lib/abstract_controller/rendering.rb:88:in `render'
/home/henok/.rbenv/versions/1.9.3-p551/lib/ruby/gems/1.9.1/gems/actionpack-3.2.18/lib/action_controller/metal/rendering.rb:16:in `render'
/home/henok/.rbenv/versions/1.9.3-p551/lib/ruby/gems/1.9.1/gems/actionpack-3.2.18/lib/action_controller/metal/instrumentation.rb:40:in `block (2 levels) in render'
/home/henok/.rbenv/versions/1.9.3-p551/lib/ruby/gems/1.9.1/gems/activesupport-3.2.18/lib/active_support/core_ext/benchmark.rb:5:in `block in ms'
/home/henok/.rbenv/versions/1.9.3-p551/lib/ruby/1.9.1/benchmark.rb:295:in `realtime'
/home/henok/.rbenv/versions/1.9.3-p551/lib/ruby/gems/1.9.1/gems/activesupport-3.2.18/lib/active_support/core_ext/benchmark.rb:5:in `ms'
/home/henok/.rbenv/versions/1.9.3-p551/lib/ruby/gems/1.9.1/gems/actionpack-3.2.18/lib/action_controller/metal/instrumentation.rb:40:in `block in render'
/home/henok/.rbenv/versions/1.9.3-p551/lib/ruby/gems/1.9.1/gems/actionpack-3.2.18/lib/action_controller/metal/instrumentation.rb:83:in `cleanup_view_runtime'
/home/henok/.rbenv/versions/1.9.3-p551/lib/ruby/gems/1.9.1/gems/activerecord-3.2.18/lib/active_record/railties/controller_runtime.rb:24:in `cleanup_view_runtime'
/home/henok/.rbenv/versions/1.9.3-p551/lib/ruby/gems/1.9.1/gems/actionpack-3.2.18/lib/action_controller/metal/instrumentation.rb:39:in `render'
/home/henok/.rbenv/versions/1.9.3-p551/lib/ruby/gems/1.9.1/gems/actionpack-3.2.18/lib/action_controller/metal/implicit_render.rb:10:in `default_render'
/home/henok/.rbenv/versions/1.9.3-p551/lib/ruby/gems/1.9.1/gems/actionpack-3.2.18/lib/action_controller/metal/implicit_render.rb:5:in `send_action'
/home/henok/.rbenv/versions/1.9.3-p551/lib/ruby/gems/1.9.1/gems/actionpack-3.2.18/lib/abstract_controller/base.rb:167:in `process_action'
/home/henok/.rbenv/versions/1.9.3-p551/lib/ruby/gems/1.9.1/gems/actionpack-3.2.18/lib/action_controller/metal/rendering.rb:10:in `process_action'
/home/henok/.rbenv/versions/1.9.3-p551/lib/ruby/gems/1.9.1/gems/actionpack-3.2.18/lib/abstract_controller/callbacks.rb:18:in `block in process_action'
/home/henok/.rbenv/versions/1.9.3-p551/lib/ruby/gems/1.9.1/gems/activesupport-3.2.18/lib/active_support/callbacks.rb:414:in `_run__720019372__process_action__556209996__callbacks'
/home/henok/.rbenv/versions/1.9.3-p551/lib/ruby/gems/1.9.1/gems/activesupport-3.2.18/lib/active_support/callbacks.rb:405:in `__run_callback'
/home/henok/.rbenv/versions/1.9.3-p551/lib/ruby/gems/1.9.1/gems/activesupport-3.2.18/lib/active_support/callbacks.rb:385:in `_run_process_action_callbacks'
/home/henok/.rbenv/versions/1.9.3-p551/lib/ruby/gems/1.9.1/gems/activesupport-3.2.18/lib/active_support/callbacks.rb:81:in `run_callbacks'
/home/henok/.rbenv/versions/1.9.3-p551/lib/ruby/gems/1.9.1/gems/actionpack-3.2.18/lib/abstract_controller/callbacks.rb:17:in `process_action'
/home/henok/.rbenv/versions/1.9.3-p551/lib/ruby/gems/1.9.1/gems/actionpack-3.2.18/lib/action_controller/metal/rescue.rb:29:in `process_action'
/home/henok/.rbenv/versions/1.9.3-p551/lib/ruby/gems/1.9.1/gems/actionpack-3.2.18/lib/action_controller/metal/instrumentation.rb:30:in `block in process_action'
/home/henok/.rbenv/versions/1.9.3-p551/lib/ruby/gems/1.9.1/gems/activesupport-3.2.18/lib/active_support/notifications.rb:123:in `block in instrument'
/home/henok/.rbenv/versions/1.9.3-p551/lib/ruby/gems/1.9.1/gems/activesupport-3.2.18/lib/active_support/notifications/instrumenter.rb:20:in `instrument'
/home/henok/.rbenv/versions/1.9.3-p551/lib/ruby/gems/1.9.1/gems/activesupport-3.2.18/lib/active_support/notifications.rb:123:in `instrument'
/home/henok/.rbenv/versions/1.9.3-p551/lib/ruby/gems/1.9.1/gems/actionpack-3.2.18/lib/action_controller/metal/instrumentation.rb:29:in `process_action'
/home/henok/.rbenv/versions/1.9.3-p551/lib/ruby/gems/1.9.1/gems/actionpack-3.2.18/lib/action_controller/metal/params_wrapper.rb:207:in `process_action'
/home/henok/.rbenv/versions/1.9.3-p551/lib/ruby/gems/1.9.1/gems/activerecord-3.2.18/lib/active_record/railties/controller_runtime.rb:18:in `process_action'
/home/henok/.rbenv/versions/1.9.3-p551/lib/ruby/gems/1.9.1/gems/actionpack-3.2.18/lib/abstract_controller/base.rb:121:in `process'
/home/henok/.rbenv/versions/1.9.3-p551/lib/ruby/gems/1.9.1/gems/actionpack-3.2.18/lib/abstract_controller/rendering.rb:45:in `process'
/home/henok/.rbenv/versions/1.9.3-p551/lib/ruby/gems/1.9.1/gems/actionpack-3.2.18/lib/action_controller/metal.rb:203:in `dispatch'
/home/henok/.rbenv/versions/1.9.3-p551/lib/ruby/gems/1.9.1/gems/actionpack-3.2.18/lib/action_controller/metal/rack_delegation.rb:14:in `dispatch'
/home/henok/.rbenv/versions/1.9.3-p551/lib/ruby/gems/1.9.1/gems/actionpack-3.2.18/lib/action_controller/metal.rb:246:in `block in action'
/home/henok/.rbenv/versions/1.9.3-p551/lib/ruby/gems/1.9.1/gems/actionpack-3.2.18/lib/action_dispatch/routing/route_set.rb:73:in `call'
/home/henok/.rbenv/versions/1.9.3-p551/lib/ruby/gems/1.9.1/gems/actionpack-3.2.18/lib/action_dispatch/routing/route_set.rb:73:in `dispatch'
/home/henok/.rbenv/versions/1.9.3-p551/lib/ruby/gems/1.9.1/gems/actionpack-3.2.18/lib/action_dispatch/routing/route_set.rb:36:in `call'
/home/henok/.rbenv/versions/1.9.3-p551/lib/ruby/gems/1.9.1/gems/journey-1.0.4/lib/journey/router.rb:68:in `block in call'
/home/henok/.rbenv/versions/1.9.3-p551/lib/ruby/gems/1.9.1/gems/journey-1.0.4/lib/journey/router.rb:56:in `each'
/home/henok/.rbenv/versions/1.9.3-p551/lib/ruby/gems/1.9.1/gems/journey-1.0.4/lib/journey/router.rb:56:in `call'
/home/henok/.rbenv/versions/1.9.3-p551/lib/ruby/gems/1.9.1/gems/actionpack-3.2.18/lib/action_dispatch/routing/route_set.rb:608:in `call'
/home/henok/.rbenv/versions/1.9.3-p551/lib/ruby/gems/1.9.1/gems/actionpack-3.2.18/lib/action_dispatch/middleware/best_standards_support.rb:17:in `call'
/home/henok/.rbenv/versions/1.9.3-p551/lib/ruby/gems/1.9.1/gems/rack-1.4.5/lib/rack/etag.rb:23:in `call'
/home/henok/.rbenv/versions/1.9.3-p551/lib/ruby/gems/1.9.1/gems/rack-1.4.5/lib/rack/conditionalget.rb:25:in `call'
/home/henok/.rbenv/versions/1.9.3-p551/lib/ruby/gems/1.9.1/gems/actionpack-3.2.18/lib/action_dispatch/middleware/head.rb:14:in `call'
/home/henok/.rbenv/versions/1.9.3-p551/lib/ruby/gems/1.9.1/gems/actionpack-3.2.18/lib/action_dispatch/middleware/params_parser.rb:21:in `call'
/home/henok/.rbenv/versions/1.9.3-p551/lib/ruby/gems/1.9.1/gems/actionpack-3.2.18/lib/action_dispatch/middleware/flash.rb:242:in `call'
/home/henok/.rbenv/versions/1.9.3-p551/lib/ruby/gems/1.9.1/gems/rack-1.4.5/lib/rack/session/abstract/id.rb:210:in `context'
/home/henok/.rbenv/versions/1.9.3-p551/lib/ruby/gems/1.9.1/gems/rack-1.4.5/lib/rack/session/abstract/id.rb:205:in `call'
/home/henok/.rbenv/versions/1.9.3-p551/lib/ruby/gems/1.9.1/gems/actionpack-3.2.18/lib/action_dispatch/middleware/cookies.rb:341:in `call'
/home/henok/.rbenv/versions/1.9.3-p551/lib/ruby/gems/1.9.1/gems/activerecord-3.2.18/lib/active_record/query_cache.rb:64:in `call'
/home/henok/.rbenv/versions/1.9.3-p551/lib/ruby/gems/1.9.1/gems/activerecord-3.2.18/lib/active_record/connection_adapters/abstract/connection_pool.rb:479:in `call'
/home/henok/.rbenv/versions/1.9.3-p551/lib/ruby/gems/1.9.1/gems/actionpack-3.2.18/lib/action_dispatch/middleware/callbacks.rb:28:in `block in call'
/home/henok/.rbenv/versions/1.9.3-p551/lib/ruby/gems/1.9.1/gems/activesupport-3.2.18/lib/active_support/callbacks.rb:405:in `_run__671880673__call__177227774__callbacks'
/home/henok/.rbenv/versions/1.9.3-p551/lib/ruby/gems/1.9.1/gems/activesupport-3.2.18/lib/active_support/callbacks.rb:405:in `__run_callback'
/home/henok/.rbenv/versions/1.9.3-p551/lib/ruby/gems/1.9.1/gems/activesupport-3.2.18/lib/active_support/callbacks.rb:385:in `_run_call_callbacks'
/home/henok/.rbenv/versions/1.9.3-p551/lib/ruby/gems/1.9.1/gems/activesupport-3.2.18/lib/active_support/callbacks.rb:81:in `run_callbacks'
/home/henok/.rbenv/versions/1.9.3-p551/lib/ruby/gems/1.9.1/gems/actionpack-3.2.18/lib/action_dispatch/middleware/callbacks.rb:27:in `call'
/home/henok/.rbenv/versions/1.9.3-p551/lib/ruby/gems/1.9.1/gems/actionpack-3.2.18/lib/action_dispatch/middleware/reloader.rb:65:in `call'
/home/henok/.rbenv/versions/1.9.3-p551/lib/ruby/gems/1.9.1/gems/actionpack-3.2.18/lib/action_dispatch/middleware/remote_ip.rb:31:in `call'
/home/henok/.rbenv/versions/1.9.3-p551/lib/ruby/gems/1.9.1/gems/actionpack-3.2.18/lib/action_dispatch/middleware/debug_exceptions.rb:16:in `call'
/home/henok/.rbenv/versions/1.9.3-p551/lib/ruby/gems/1.9.1/gems/actionpack-3.2.18/lib/action_dispatch/middleware/show_exceptions.rb:56:in `call'
/home/henok/.rbenv/versions/1.9.3-p551/lib/ruby/gems/1.9.1/gems/railties-3.2.18/lib/rails/rack/logger.rb:32:in `call_app'
/home/henok/.rbenv/versions/1.9.3-p551/lib/ruby/gems/1.9.1/gems/railties-3.2.18/lib/rails/rack/logger.rb:16:in `block in call'
/home/henok/.rbenv/versions/1.9.3-p551/lib/ruby/gems/1.9.1/gems/activesupport-3.2.18/lib/active_support/tagged_logging.rb:22:in `tagged'
/home/henok/.rbenv/versions/1.9.3-p551/lib/ruby/gems/1.9.1/gems/railties-3.2.18/lib/rails/rack/logger.rb:16:in `call'
/home/henok/.rbenv/versions/1.9.3-p551/lib/ruby/gems/1.9.1/gems/actionpack-3.2.18/lib/action_dispatch/middleware/request_id.rb:22:in `call'
/home/henok/.rbenv/versions/1.9.3-p551/lib/ruby/gems/1.9.1/gems/rack-1.4.5/lib/rack/methodoverride.rb:21:in `call'
/home/henok/.rbenv/versions/1.9.3-p551/lib/ruby/gems/1.9.1/gems/rack-1.4.5/lib/rack/runtime.rb:17:in `call'
/home/henok/.rbenv/versions/1.9.3-p551/lib/ruby/gems/1.9.1/gems/activesupport-3.2.18/lib/active_support/cache/strategy/local_cache.rb:72:in `call'
/home/henok/.rbenv/versions/1.9.3-p551/lib/ruby/gems/1.9.1/gems/rack-1.4.5/lib/rack/lock.rb:15:in `call'
/home/henok/.rbenv/versions/1.9.3-p551/lib/ruby/gems/1.9.1/gems/actionpack-3.2.18/lib/action_dispatch/middleware/static.rb:63:in `call'
/home/henok/.rbenv/versions/1.9.3-p551/lib/ruby/gems/1.9.1/gems/railties-3.2.18/lib/rails/engine.rb:484:in `call'
/home/henok/.rbenv/versions/1.9.3-p551/lib/ruby/gems/1.9.1/gems/railties-3.2.18/lib/rails/application.rb:231:in `call'
/home/henok/.rbenv/versions/1.9.3-p551/lib/ruby/gems/1.9.1/gems/rack-1.4.5/lib/rack/content_length.rb:14:in `call'
/home/henok/.rbenv/versions/1.9.3-p551/lib/ruby/gems/1.9.1/gems/railties-3.2.18/lib/rails/rack/log_tailer.rb:17:in `call'
/home/henok/.rbenv/versions/1.9.3-p551/lib/ruby/gems/1.9.1/gems/rack-1.4.5/lib/rack/handler/webrick.rb:59:in `service'
/home/henok/.rbenv/versions/1.9.3-p551/lib/ruby/1.9.1/webrick/httpserver.rb:138:in `service'
/home/henok/.rbenv/versions/1.9.3-p551/lib/ruby/1.9.1/webrick/httpserver.rb:94:in `run'
/home/henok/.rbenv/versions/1.9.3-p551/lib/ruby/1.9.1/webrick/server.rb:191:in `block in start_thread'
  Rendered movies/index.html.haml within layouts/application (37.9ms)
Completed 500 Internal Server Error in 399.3ms

ActionView::Template::Error (/home/henok/Documents/SWE/rails-intro/app/views/movies/index.html.haml:10: unknown regexp options - thad
/home/henok/Documents/SWE/rails-intro/app/views/movies/index.html.haml:10: syntax error, unexpected $undefined
...fo</th>\n    </tr>\n  </thead>\n  <tbody>\n", -1, false);
...                               ^
/home/henok/Documents/SWE/rails-intro/app/views/movies/index.html.haml:10: syntax error, unexpected $undefined
...  </tr>\n  </thead>\n  <tbody>\n", -1, false);
...                               ^
/home/henok/Documents/SWE/rails-intro/app/views/movies/index.html.haml:13: syntax error, unexpected $undefined
_hamlout.push_text("    <tr>\n      <td>#{_hamlout.adjust_tabs(2); 
                             ^
/home/henok/Documents/SWE/rails-intro/app/views/movies/index.html.haml:21: syntax error, unexpected keyword_ensure, expecting $end):
    7:       %th{:class => ("hilite" if params[:sort] == "title")}= link_to "Movie Title", {:controller => "movies", :sort => "title", :filter => @filtered_ratings.to_s}, :id => "title_header"
    8:       %th Rating
    9:       %th{:c;ass => ("hilite" if params[:sort] == "release_date")}= link_to "Release Date", {:controller => "movies", :sort => "release_date", :filter => @filtered_ratings.to_s}
    10:       %th More Info
    11:   %tbody
    12:     - @movies.each do |movie|
    13:       %tr
  actionpack (3.2.18) lib/action_view/template.rb:297:in `module_eval'
  actionpack (3.2.18) lib/action_view/template.rb:297:in `compile'
  actionpack (3.2.18) lib/action_view/template.rb:244:in `block in compile!'
  <internal:prelude>:10:in `synchronize'
  actionpack (3.2.18) lib/action_view/template.rb:232:in `compile!'
  actionpack (3.2.18) lib/action_view/template.rb:144:in `block in render'
  activesupport (3.2.18) lib/active_support/notifications.rb:125:in `instrument'
  actionpack (3.2.18) lib/action_view/template.rb:143:in `render'
  actionpack (3.2.18) lib/action_view/renderer/template_renderer.rb:47:in `block (2 levels) in render_template'
  actionpack (3.2.18) lib/action_view/renderer/abstract_renderer.rb:38:in `block in instrument'
  activesupport (3.2.18) lib/active_support/notifications.rb:123:in `block in instrument'
  activesupport (3.2.18) lib/active_support/notifications/instrumenter.rb:20:in `instrument'
  activesupport (3.2.18) lib/active_support/notifications.rb:123:in `instrument'
  actionpack (3.2.18) lib/action_view/renderer/abstract_renderer.rb:38:in `instrument'
  actionpack (3.2.18) lib/action_view/renderer/template_renderer.rb:46:in `block in render_template'
  actionpack (3.2.18) lib/action_view/renderer/template_renderer.rb:54:in `render_with_layout'
  actionpack (3.2.18) lib/action_view/renderer/template_renderer.rb:45:in `render_template'
  actionpack (3.2.18) lib/action_view/renderer/template_renderer.rb:18:in `render'
  actionpack (3.2.18) lib/action_view/renderer/renderer.rb:36:in `render_template'
  actionpack (3.2.18) lib/action_view/renderer/renderer.rb:17:in `render'
  actionpack (3.2.18) lib/abstract_controller/rendering.rb:110:in `_render_template'
  actionpack (3.2.18) lib/action_controller/metal/streaming.rb:225:in `_render_template'
  actionpack (3.2.18) lib/abstract_controller/rendering.rb:103:in `render_to_body'
  actionpack (3.2.18) lib/action_controller/metal/renderers.rb:28:in `render_to_body'
  actionpack (3.2.18) lib/action_controller/metal/compatibility.rb:50:in `render_to_body'
  actionpack (3.2.18) lib/abstract_controller/rendering.rb:88:in `render'
  actionpack (3.2.18) lib/action_controller/metal/rendering.rb:16:in `render'
  actionpack (3.2.18) lib/action_controller/metal/instrumentation.rb:40:in `block (2 levels) in render'
  activesupport (3.2.18) lib/active_support/core_ext/benchmark.rb:5:in `block in ms'
  /home/henok/.rbenv/versions/1.9.3-p551/lib/ruby/1.9.1/benchmark.rb:295:in `realtime'
  activesupport (3.2.18) lib/active_support/core_ext/benchmark.rb:5:in `ms'
  actionpack (3.2.18) lib/action_controller/metal/instrumentation.rb:40:in `block in render'
  actionpack (3.2.18) lib/action_controller/metal/instrumentation.rb:83:in `cleanup_view_runtime'
  activerecord (3.2.18) lib/active_record/railties/controller_runtime.rb:24:in `cleanup_view_runtime'
  actionpack (3.2.18) lib/action_controller/metal/instrumentation.rb:39:in `render'
  actionpack (3.2.18) lib/action_controller/metal/implicit_render.rb:10:in `default_render'
  actionpack (3.2.18) lib/action_controller/metal/implicit_render.rb:5:in `send_action'
  actionpack (3.2.18) lib/abstract_controller/base.rb:167:in `process_action'
  actionpack (3.2.18) lib/action_controller/metal/rendering.rb:10:in `process_action'
  actionpack (3.2.18) lib/abstract_controller/callbacks.rb:18:in `block in process_action'
  activesupport (3.2.18) lib/active_support/callbacks.rb:414:in `_run__720019372__process_action__556209996__callbacks'
  activesupport (3.2.18) lib/active_support/callbacks.rb:405:in `__run_callback'
  activesupport (3.2.18) lib/active_support/callbacks.rb:385:in `_run_process_action_callbacks'
  activesupport (3.2.18) lib/active_support/callbacks.rb:81:in `run_callbacks'
  actionpack (3.2.18) lib/abstract_controller/callbacks.rb:17:in `process_action'
  actionpack (3.2.18) lib/action_controller/metal/rescue.rb:29:in `process_action'
  actionpack (3.2.18) lib/action_controller/metal/instrumentation.rb:30:in `block in process_action'
  activesupport (3.2.18) lib/active_support/notifications.rb:123:in `block in instrument'
  activesupport (3.2.18) lib/active_support/notifications/instrumenter.rb:20:in `instrument'
  activesupport (3.2.18) lib/active_support/notifications.rb:123:in `instrument'
  actionpack (3.2.18) lib/action_controller/metal/instrumentation.rb:29:in `process_action'
  actionpack (3.2.18) lib/action_controller/metal/params_wrapper.rb:207:in `process_action'
  activerecord (3.2.18) lib/active_record/railties/controller_runtime.rb:18:in `process_action'
  actionpack (3.2.18) lib/abstract_controller/base.rb:121:in `process'
  actionpack (3.2.18) lib/abstract_controller/rendering.rb:45:in `process'
  actionpack (3.2.18) lib/action_controller/metal.rb:203:in `dispatch'
  actionpack (3.2.18) lib/action_controller/metal/rack_delegation.rb:14:in `dispatch'
  actionpack (3.2.18) lib/action_controller/metal.rb:246:in `block in action'
  actionpack (3.2.18) lib/action_dispatch/routing/route_set.rb:73:in `call'
  actionpack (3.2.18) lib/action_dispatch/routing/route_set.rb:73:in `dispatch'
  actionpack (3.2.18) lib/action_dispatch/routing/route_set.rb:36:in `call'
  journey (1.0.4) lib/journey/router.rb:68:in `block in call'
  journey (1.0.4) lib/journey/router.rb:56:in `each'
  journey (1.0.4) lib/journey/router.rb:56:in `call'
  actionpack (3.2.18) lib/action_dispatch/routing/route_set.rb:608:in `call'
  actionpack (3.2.18) lib/action_dispatch/middleware/best_standards_support.rb:17:in `call'
  rack (1.4.5) lib/rack/etag.rb:23:in `call'
  rack (1.4.5) lib/rack/conditionalget.rb:25:in `call'
  actionpack (3.2.18) lib/action_dispatch/middleware/head.rb:14:in `call'
  actionpack (3.2.18) lib/action_dispatch/middleware/params_parser.rb:21:in `call'
  actionpack (3.2.18) lib/action_dispatch/middleware/flash.rb:242:in `call'
  rack (1.4.5) lib/rack/session/abstract/id.rb:210:in `context'
  rack (1.4.5) lib/rack/session/abstract/id.rb:205:in `call'
  actionpack (3.2.18) lib/action_dispatch/middleware/cookies.rb:341:in `call'
  activerecord (3.2.18) lib/active_record/query_cache.rb:64:in `call'
  activerecord (3.2.18) lib/active_record/connection_adapters/abstract/connection_pool.rb:479:in `call'
  actionpack (3.2.18) lib/action_dispatch/middleware/callbacks.rb:28:in `block in call'
  activesupport (3.2.18) lib/active_support/callbacks.rb:405:in `_run__671880673__call__177227774__callbacks'
  activesupport (3.2.18) lib/active_support/callbacks.rb:405:in `__run_callback'
  activesupport (3.2.18) lib/active_support/callbacks.rb:385:in `_run_call_callbacks'
  activesupport (3.2.18) lib/active_support/callbacks.rb:81:in `run_callbacks'
  actionpack (3.2.18) lib/action_dispatch/middleware/callbacks.rb:27:in `call'
  actionpack (3.2.18) lib/action_dispatch/middleware/reloader.rb:65:in `call'
  actionpack (3.2.18) lib/action_dispatch/middleware/remote_ip.rb:31:in `call'
  actionpack (3.2.18) lib/action_dispatch/middleware/debug_exceptions.rb:16:in `call'
  actionpack (3.2.18) lib/action_dispatch/middleware/show_exceptions.rb:56:in `call'
  railties (3.2.18) lib/rails/rack/logger.rb:32:in `call_app'
  railties (3.2.18) lib/rails/rack/logger.rb:16:in `block in call'
  activesupport (3.2.18) lib/active_support/tagged_logging.rb:22:in `tagged'
  railties (3.2.18) lib/rails/rack/logger.rb:16:in `call'
  actionpack (3.2.18) lib/action_dispatch/middleware/request_id.rb:22:in `call'
  rack (1.4.5) lib/rack/methodoverride.rb:21:in `call'
  rack (1.4.5) lib/rack/runtime.rb:17:in `call'
  activesupport (3.2.18) lib/active_support/cache/strategy/local_cache.rb:72:in `call'
  rack (1.4.5) lib/rack/lock.rb:15:in `call'
  actionpack (3.2.18) lib/action_dispatch/middleware/static.rb:63:in `call'
  railties (3.2.18) lib/rails/engine.rb:484:in `call'
  railties (3.2.18) lib/rails/application.rb:231:in `call'
  rack (1.4.5) lib/rack/content_length.rb:14:in `call'
  railties (3.2.18) lib/rails/rack/log_tailer.rb:17:in `call'
  rack (1.4.5) lib/rack/handler/webrick.rb:59:in `service'
  /home/henok/.rbenv/versions/1.9.3-p551/lib/ruby/1.9.1/webrick/httpserver.rb:138:in `service'
  /home/henok/.rbenv/versions/1.9.3-p551/lib/ruby/1.9.1/webrick/httpserver.rb:94:in `run'
  /home/henok/.rbenv/versions/1.9.3-p551/lib/ruby/1.9.1/webrick/server.rb:191:in `block in start_thread'


  Rendered /home/henok/.rbenv/versions/1.9.3-p551/lib/ruby/gems/1.9.1/gems/actionpack-3.2.18/lib/action_dispatch/middleware/templates/rescues/_trace.erb (3.2ms)
  Rendered /home/henok/.rbenv/versions/1.9.3-p551/lib/ruby/gems/1.9.1/gems/actionpack-3.2.18/lib/action_dispatch/middleware/templates/rescues/_request_and_response.erb (4.1ms)
  Rendered /home/henok/.rbenv/versions/1.9.3-p551/lib/ruby/gems/1.9.1/gems/actionpack-3.2.18/lib/action_dispatch/middleware/templates/rescues/template_error.erb within rescues/layout (111.0ms)


Started GET "/movies" for 127.0.0.1 at 2016-04-03 06:27:29 -0400
Connecting to database specified by database.yml
Processing by MoviesController#index as HTML
  [1m[36mMovie Load (0.5ms)[0m  [1mSELECT "movies".* FROM "movies" [0m
  Rendered movies/index.html.haml within layouts/application (57.4ms)
Compiled application.css  (1ms)  (pid 10727)
Completed 200 OK in 1726.4ms (Views: 747.5ms | ActiveRecord: 27.6ms)


Started GET "/assets/application.css?body=1" for 127.0.0.1 at 2016-04-03 06:27:37 -0400
Served asset /application.css - 200 OK (373ms)


Started GET "/assets/jquery.js?body=1" for 127.0.0.1 at 2016-04-03 06:27:38 -0400
Served asset /jquery.js - 304 Not Modified (96ms)


Started GET "/assets/application.js?body=1" for 127.0.0.1 at 2016-04-03 06:27:38 -0400
Served asset /application.js - 304 Not Modified (11ms)


Started GET "/assets/jquery_ujs.js?body=1" for 127.0.0.1 at 2016-04-03 06:27:38 -0400
Served asset /jquery_ujs.js - 304 Not Modified (7ms)


Started GET "/movies?filter=&sort=title" for 127.0.0.1 at 2016-04-03 06:27:44 -0400
Processing by MoviesController#index as HTML
  Parameters: {"filter"=>"", "sort"=>"title"}
  [1m[35mMovie Load (0.6ms)[0m  SELECT "movies".* FROM "movies" 
  Rendered movies/index.html.haml within layouts/application (22.4ms)
Completed 200 OK in 41.7ms (Views: 38.1ms | ActiveRecord: 0.6ms)


Started GET "/assets/application.css?body=1" for 127.0.0.1 at 2016-04-03 06:27:44 -0400
Served asset /application.css - 304 Not Modified (9ms)


Started GET "/assets/jquery_ujs.js?body=1" for 127.0.0.1 at 2016-04-03 06:27:44 -0400
Served asset /jquery_ujs.js - 304 Not Modified (0ms)


Started GET "/assets/jquery.js?body=1" for 127.0.0.1 at 2016-04-03 06:27:44 -0400
Served asset /jquery.js - 304 Not Modified (3ms)


Started GET "/assets/application.js?body=1" for 127.0.0.1 at 2016-04-03 06:27:44 -0400
Served asset /application.js - 304 Not Modified (2ms)


Started GET "/movies?filter=&sort=release_date" for 127.0.0.1 at 2016-04-03 06:27:48 -0400
Processing by MoviesController#index as HTML
  Parameters: {"filter"=>"", "sort"=>"release_date"}
  [1m[36mMovie Load (0.9ms)[0m  [1mSELECT "movies".* FROM "movies" [0m
  Rendered movies/index.html.haml within layouts/application (14.1ms)
Completed 200 OK in 29.5ms (Views: 25.1ms | ActiveRecord: 0.9ms)


Started GET "/assets/application.css?body=1" for 127.0.0.1 at 2016-04-03 06:27:49 -0400
Served asset /application.css - 304 Not Modified (0ms)


Started GET "/assets/application.js?body=1" for 127.0.0.1 at 2016-04-03 06:27:49 -0400
Served asset /application.js - 304 Not Modified (37ms)


Started GET "/assets/jquery_ujs.js?body=1" for 127.0.0.1 at 2016-04-03 06:27:49 -0400
Served asset /jquery_ujs.js - 304 Not Modified (0ms)


Started GET "/assets/jquery.js?body=1" for 127.0.0.1 at 2016-04-03 06:27:49 -0400
Served asset /jquery.js - 304 Not Modified (1ms)


Started GET "/movies?filter=&sort=release_date" for 127.0.0.1 at 2016-04-03 06:51:23 -0400
Connecting to database specified by database.yml
Processing by MoviesController#index as HTML
  Parameters: {"filter"=>"", "sort"=>"release_date"}
  [1m[36mMovie Load (0.5ms)[0m  [1mSELECT "movies".* FROM "movies" [0m
  [1m[35mMovie Load (0.6ms)[0m  SELECT "movies".* FROM "movies" ORDER BY release_date
  Rendered movies/index.html.haml within layouts/application (188.5ms)
Completed 200 OK in 1707.3ms (Views: 804.7ms | ActiveRecord: 12.4ms)


Started GET "/movies" for 127.0.0.1 at 2016-04-03 06:51:33 -0400
Processing by MoviesController#index as HTML
  [1m[36mMovie Load (0.5ms)[0m  [1mSELECT "movies".* FROM "movies" [0m
  [1m[35mCACHE (0.0ms)[0m  SELECT "movies".* FROM "movies" 
  Rendered movies/index.html.haml within layouts/application (12.5ms)
Completed 200 OK in 31.3ms (Views: 25.2ms | ActiveRecord: 0.6ms)


Started GET "/assets/application.css?body=1" for 127.0.0.1 at 2016-04-03 06:51:33 -0400
Served asset /application.css - 304 Not Modified (8ms)


Started GET "/assets/jquery_ujs.js?body=1" for 127.0.0.1 at 2016-04-03 06:51:33 -0400
Served asset /jquery_ujs.js - 304 Not Modified (6ms)


Started GET "/assets/jquery.js?body=1" for 127.0.0.1 at 2016-04-03 06:51:33 -0400
Served asset /jquery.js - 304 Not Modified (6ms)


Started GET "/assets/application.js?body=1" for 127.0.0.1 at 2016-04-03 06:51:33 -0400
Served asset /application.js - 304 Not Modified (27ms)


Started GET "/movies?sort=title" for 127.0.0.1 at 2016-04-03 06:51:36 -0400
Processing by MoviesController#index as HTML
  Parameters: {"sort"=>"title"}
  [1m[36mMovie Load (0.6ms)[0m  [1mSELECT "movies".* FROM "movies" [0m
  [1m[35mMovie Load (0.5ms)[0m  SELECT "movies".* FROM "movies" ORDER BY title
  Rendered movies/index.html.haml within layouts/application (22.2ms)
Completed 200 OK in 56.2ms (Views: 38.3ms | ActiveRecord: 1.1ms)


Started GET "/assets/application.css?body=1" for 127.0.0.1 at 2016-04-03 06:51:36 -0400
Served asset /application.css - 304 Not Modified (128ms)


Started GET "/assets/jquery_ujs.js?body=1" for 127.0.0.1 at 2016-04-03 06:51:36 -0400
Served asset /jquery_ujs.js - 304 Not Modified (2ms)


Started GET "/assets/jquery.js?body=1" for 127.0.0.1 at 2016-04-03 06:51:36 -0400
Served asset /jquery.js - 304 Not Modified (7ms)


Started GET "/assets/application.js?body=1" for 127.0.0.1 at 2016-04-03 06:51:36 -0400
Served asset /application.js - 304 Not Modified (87ms)


Started GET "/movies?sort=release_date" for 127.0.0.1 at 2016-04-03 06:51:41 -0400
Processing by MoviesController#index as HTML
  Parameters: {"sort"=>"release_date"}
  [1m[36mMovie Load (0.6ms)[0m  [1mSELECT "movies".* FROM "movies" [0m
  [1m[35mMovie Load (0.5ms)[0m  SELECT "movies".* FROM "movies" ORDER BY release_date
  Rendered movies/index.html.haml within layouts/application (13.6ms)
Completed 200 OK in 43.4ms (Views: 34.4ms | ActiveRecord: 1.2ms)


Started GET "/assets/application.css?body=1" for 127.0.0.1 at 2016-04-03 06:51:41 -0400
Served asset /application.css - 304 Not Modified (10ms)


Started GET "/assets/application.js?body=1" for 127.0.0.1 at 2016-04-03 06:51:41 -0400
Served asset /application.js - 304 Not Modified (3ms)


Started GET "/assets/jquery_ujs.js?body=1" for 127.0.0.1 at 2016-04-03 06:51:41 -0400
Served asset /jquery_ujs.js - 304 Not Modified (0ms)


Started GET "/assets/jquery.js?body=1" for 127.0.0.1 at 2016-04-03 06:51:41 -0400
Served asset /jquery.js - 304 Not Modified (1ms)
